<?xml version="1.0" encoding="UTF-8"?>
<!-- Generated by org.testng.reporters.JUnitReportReporter -->
<testsuite hostname="DESKTOP-7BVSPJ0" failures="0" tests="20" name="bstackdemo.Add_To_cart" time="19.621" errors="1" timestamp="2023-08-03T18:32:36 IST" skipped="17">
  <testcase classname="bstackdemo.Add_To_cart" name="Openurl" time="8.895"/>
  <testcase classname="bstackdemo.Add_To_cart" name="SingnPage" time="10.644"/>
  <testcase classname="bstackdemo.Add_To_cart" name="AddToFavourites" time="0.082">
    <error message="no such element: Unable to locate element: {&quot;method&quot;:&quot;xpath&quot;,&quot;selector&quot;:&quot;//div[@id=&#039;i&#039;]//span[@class=&#039;MuiIconButton-label&#039;]//*[name()=&#039;svg&#039;]&quot;}
  (Session info: chrome=115.0.5790.170)
For documentation on this error, please visit: https://selenium.dev/exceptions/#no_such_element
Build info: version: &#039;4.9.1&#039;, revision: &#039;eb2032df7f&#039;
System info: os.name: &#039;Windows 10&#039;, os.arch: &#039;amd64&#039;, os.version: &#039;10.0&#039;, java.version: &#039;17.0.7&#039;
Driver info: org.openqa.selenium.chrome.ChromeDriver
Command: [6bafb1c171a8d767a00ab91112398783, findElement {using=xpath, value=//div[@id=&#039;i&#039;]//span[@class=&#039;MuiIconButton-label&#039;]//*[name()=&#039;svg&#039;]}]
Capabilities {acceptInsecureCerts: false, browserName: chrome, browserVersion: 115.0.5790.170, chrome: {chromedriverVersion: 115.0.5790.170 (cc0d30c2ca5..., userDataDir: C:\Users\Dell\AppData\Local...}, goog:chromeOptions: {debuggerAddress: localhost:26889}, networkConnectionEnabled: false, pageLoadStrategy: normal, platformName: windows, proxy: Proxy(), se:cdp: ws://localhost:26889/devtoo..., se:cdpVersion: 115.0.5790.170, setWindowRect: true, strictFileInteractability: false, timeouts: {implicit: 0, pageLoad: 300000, script: 30000}, unhandledPromptBehavior: dismiss and notify, webauthn:extension:credBlob: true, webauthn:extension:largeBlob: true, webauthn:extension:minPinLength: true, webauthn:extension:prf: true, webauthn:virtualAuthenticators: true}
Session ID: 6bafb1c171a8d767a00ab91112398783" type="org.openqa.selenium.NoSuchElementException">
      <![CDATA[org.openqa.selenium.NoSuchElementException: no such element: Unable to locate element: {"method":"xpath","selector":"//div[@id='i']//span[@class='MuiIconButton-label']//*[name()='svg']"}
  (Session info: chrome=115.0.5790.170)
For documentation on this error, please visit: https://selenium.dev/exceptions/#no_such_element
Build info: version: '4.9.1', revision: 'eb2032df7f'
System info: os.name: 'Windows 10', os.arch: 'amd64', os.version: '10.0', java.version: '17.0.7'
Driver info: org.openqa.selenium.chrome.ChromeDriver
Command: [6bafb1c171a8d767a00ab91112398783, findElement {using=xpath, value=//div[@id='i']//span[@class='MuiIconButton-label']//*[name()='svg']}]
Capabilities {acceptInsecureCerts: false, browserName: chrome, browserVersion: 115.0.5790.170, chrome: {chromedriverVersion: 115.0.5790.170 (cc0d30c2ca5..., userDataDir: C:\Users\Dell\AppData\Local...}, goog:chromeOptions: {debuggerAddress: localhost:26889}, networkConnectionEnabled: false, pageLoadStrategy: normal, platformName: windows, proxy: Proxy(), se:cdp: ws://localhost:26889/devtoo..., se:cdpVersion: 115.0.5790.170, setWindowRect: true, strictFileInteractability: false, timeouts: {implicit: 0, pageLoad: 300000, script: 30000}, unhandledPromptBehavior: dismiss and notify, webauthn:extension:credBlob: true, webauthn:extension:largeBlob: true, webauthn:extension:minPinLength: true, webauthn:extension:prf: true, webauthn:virtualAuthenticators: true}
Session ID: 6bafb1c171a8d767a00ab91112398783
at java.base/jdk.internal.reflect.NativeConstructorAccessorImpl.newInstance0(Native Method)
at java.base/jdk.internal.reflect.NativeConstructorAccessorImpl.newInstance(NativeConstructorAccessorImpl.java:77)
at java.base/jdk.internal.reflect.DelegatingConstructorAccessorImpl.newInstance(DelegatingConstructorAccessorImpl.java:45)
at java.base/java.lang.reflect.Constructor.newInstanceWithCaller(Constructor.java:499)
at java.base/java.lang.reflect.Constructor.newInstance(Constructor.java:480)
at org.openqa.selenium.remote.codec.w3c.W3CHttpResponseCodec.createException(W3CHttpResponseCodec.java:200)
at org.openqa.selenium.remote.codec.w3c.W3CHttpResponseCodec.decode(W3CHttpResponseCodec.java:133)
at org.openqa.selenium.remote.codec.w3c.W3CHttpResponseCodec.decode(W3CHttpResponseCodec.java:53)
at org.openqa.selenium.remote.HttpCommandExecutor.execute(HttpCommandExecutor.java:193)
at org.openqa.selenium.remote.service.DriverCommandExecutor.invokeExecute(DriverCommandExecutor.java:183)
at org.openqa.selenium.remote.service.DriverCommandExecutor.execute(DriverCommandExecutor.java:158)
at org.openqa.selenium.remote.RemoteWebDriver.execute(RemoteWebDriver.java:543)
at org.openqa.selenium.remote.ElementLocation$ElementFinder$2.findElement(ElementLocation.java:162)
at org.openqa.selenium.remote.ElementLocation.findElement(ElementLocation.java:60)
at org.openqa.selenium.remote.RemoteWebDriver.findElement(RemoteWebDriver.java:352)
at org.openqa.selenium.remote.RemoteWebDriver.findElement(RemoteWebDriver.java:344)
at bstackdemo.Add_To_cart.AddToFavourites(Add_To_cart.java:90)
at java.base/jdk.internal.reflect.NativeMethodAccessorImpl.invoke0(Native Method)
at java.base/jdk.internal.reflect.NativeMethodAccessorImpl.invoke(NativeMethodAccessorImpl.java:77)
at java.base/jdk.internal.reflect.DelegatingMethodAccessorImpl.invoke(DelegatingMethodAccessorImpl.java:43)
at java.base/java.lang.reflect.Method.invoke(Method.java:568)
at org.testng.internal.invokers.MethodInvocationHelper.invokeMethod(MethodInvocationHelper.java:139)
at org.testng.internal.invokers.TestInvoker.invokeMethod(TestInvoker.java:664)
at org.testng.internal.invokers.TestInvoker.invokeTestMethod(TestInvoker.java:227)
at org.testng.internal.invokers.MethodRunner.runInSequence(MethodRunner.java:50)
at org.testng.internal.invokers.TestInvoker$MethodInvocationAgent.invoke(TestInvoker.java:957)
at org.testng.internal.invokers.TestInvoker.invokeTestMethods(TestInvoker.java:200)
at org.testng.internal.invokers.TestMethodWorker.invokeTestMethods(TestMethodWorker.java:148)
at org.testng.internal.invokers.TestMethodWorker.run(TestMethodWorker.java:128)
at java.base/java.util.ArrayList.forEach(ArrayList.java:1511)
at org.testng.TestRunner.privateRun(TestRunner.java:848)
at org.testng.TestRunner.run(TestRunner.java:621)
at org.testng.SuiteRunner.runTest(SuiteRunner.java:443)
at org.testng.SuiteRunner.runSequentially(SuiteRunner.java:437)
at org.testng.SuiteRunner.privateRun(SuiteRunner.java:397)
at org.testng.SuiteRunner.run(SuiteRunner.java:336)
at org.testng.SuiteRunnerWorker.runSuite(SuiteRunnerWorker.java:52)
at org.testng.SuiteRunnerWorker.run(SuiteRunnerWorker.java:95)
at org.testng.TestNG.runSuitesSequentially(TestNG.java:1280)
at org.testng.TestNG.runSuitesLocally(TestNG.java:1200)
at org.testng.TestNG.runSuites(TestNG.java:1114)
at org.testng.TestNG.run(TestNG.java:1082)
at org.testng.remote.AbstractRemoteTestNG.run(AbstractRemoteTestNG.java:115)
at org.testng.remote.RemoteTestNG.initAndRun(RemoteTestNG.java:251)
at org.testng.remote.RemoteTestNG.main(RemoteTestNG.java:77)
]]>
    </error>
  </testcase> <!-- AddToFavourites -->
  <testcase classname="bstackdemo.Add_To_cart" name="float_cart_open">
    <skipped/>
  </testcase> <!-- float_cart_open -->
  <testcase classname="bstackdemo.Add_To_cart" name="checkout">
    <skipped/>
  </testcase> <!-- checkout -->
  <testcase classname="bstackdemo.Add_To_cart" name="OnePlus">
    <skipped/>
  </testcase> <!-- OnePlus -->
  <testcase classname="bstackdemo.Add_To_cart" name="orderby">
    <skipped/>
  </testcase> <!-- orderby -->
  <testcase classname="bstackdemo.Add_To_cart" name="DownloadOrderReceipt">
    <skipped/>
  </testcase> <!-- DownloadOrderReceipt -->
  <testcase classname="bstackdemo.Add_To_cart" name="Google_cart">
    <skipped/>
  </testcase> <!-- Google_cart -->
  <testcase classname="bstackdemo.Add_To_cart" name="Offers">
    <skipped/>
  </testcase> <!-- Offers -->
  <testcase classname="bstackdemo.Add_To_cart" name="Favourites">
    <skipped/>
  </testcase> <!-- Favourites -->
  <testcase classname="bstackdemo.Add_To_cart" name="apple">
    <skipped/>
  </testcase> <!-- apple -->
  <testcase classname="bstackdemo.Add_To_cart" name="BackToHomePage">
    <skipped/>
  </testcase> <!-- BackToHomePage -->
  <testcase classname="bstackdemo.Add_To_cart" name="webpageScrollupanddown">
    <skipped/>
  </testcase> <!-- webpageScrollupanddown -->
  <testcase classname="bstackdemo.Add_To_cart" name="shippingAddress">
    <skipped/>
  </testcase> <!-- shippingAddress -->
  <testcase classname="bstackdemo.Add_To_cart" name="submitbutton">
    <skipped/>
  </testcase> <!-- submitbutton -->
  <testcase classname="bstackdemo.Add_To_cart" name="AddChangeProductButton">
    <skipped/>
  </testcase> <!-- AddChangeProductButton -->
  <testcase classname="bstackdemo.Add_To_cart" name="Orders">
    <skipped/>
  </testcase> <!-- Orders -->
  <testcase classname="bstackdemo.Add_To_cart" name="Samsung">
    <skipped/>
  </testcase> <!-- Samsung -->
  <testcase classname="bstackdemo.Add_To_cart" name="logout">
    <skipped/>
  </testcase> <!-- logout -->
</testsuite> <!-- bstackdemo.Add_To_cart -->
